Removed Pin From Net: NetName=GND Pin=C05-1
Removed Pin From Net: NetName=+24V Pin=C05-2
Removed Pin From Net: NetName=GND Pin=D02-A
Removed Pin From Net: NetName=+5V Pin=L01-2
Removed Pin From Net: NetName=+5V Pin=R01-1
Removed Pin From Net: NetName=GND Pin=R02-1
Removed Pin From Net: NetName=GND Pin=U02-6
Removed Pin From Net: NetName=+24V Pin=U02-7
Removed Member From Class: ClassName=PAPI_M2_Control Member=C06
Removed Member From Class: ClassName=PAPI_M2_Control Member=D02
Removed Member From Class: ClassName=PAPI_M2_Control Member=L01
Removed Member From Class: ClassName=PAPI_M2_Control Member=R01
Removed Member From Class: ClassName=PAPI_M2_Control Member=R02
Removed Member From Class: ClassName=PAPI_M2_Control Member=U02
Added Component: Designator=C01(CAPE3.5-5.0MM_Rad_10x14mm)
Add component. Clean all parameters for all variants
Add component (AddParameter): Name = "cm"; Value = "T? nhôm c?m"; VariantName = "[No Variations]"
Add component (AddParameter): Name = "Value"; Value = "35V/220uF"; VariantName = "[No Variations]"
Added Component: Designator=D?(DO-201)
Add component. Clean all parameters for all variants
Add component (AddParameter): Name = "cm1"; Value = "Ði ?t c?m"; VariantName = "[No Variations]"
Add component (AddParameter): Name = "cm2"; Value = "Ði ?t dán"; VariantName = "[No Variations]"
Add component (AddParameter): Name = "Value"; Value = "1N5822"; VariantName = "[No Variations]"
Added Component: Designator=L*(Inductor 12x12x6)
Add component. Clean all parameters for all variants
Add component (AddParameter): Name = "cm1"; Value = "Cu?n c?m dán"; VariantName = "[No Variations]"
Add component (AddParameter): Name = "cm2"; Value = "Cu?n c?m c?m"; VariantName = "[No Variations]"
Add component (AddParameter): Name = "Value"; Value = "100uH"; VariantName = "[No Variations]"
Added Component: Designator=U1(TS5B_N)
Add component. Clean all parameters for all variants
Add component (AddParameter): Name = "Code_JEDEC"; Value = "MO-169-AB"; VariantName = "[No Variations]"
Add component (AddParameter): Name = "ComponentLink1Description"; Value = "LM2596 Datasheet"; VariantName = "[No Variations]"
Add component (AddParameter): Name = "ComponentLink1URL"; Value = "http://www.national.com/ds/LM/LM2596.pdf"; VariantName = "[No Variations]"
Add component (AddParameter): Name = "ComponentLink2Description"; Value = "LM2596 Web Page"; VariantName = "[No Variations]"
Add component (AddParameter): Name = "ComponentLink2URL"; Value = "http://www.national.com/pf/LM/LM2596.html"; VariantName = "[No Variations]"
Add component (AddParameter): Name = "ComponentLink3Description"; Value = "TS5B Package Page"; VariantName = "[No Variations]"
Add component (AddParameter): Name = "ComponentLink3URL"; Value = "http://www.national.com/packaging/folders/ts5b.html"; VariantName = "[No Variations]"
Add component (AddParameter): Name = "CompType"; Value = "Switcher"; VariantName = "[No Variations]"
Add component (AddParameter): Name = "DatasheetVersion"; Value = "May-2002"; VariantName = "[No Variations]"
Add component (AddParameter): Name = "DigiKeyPartNumber"; Value = "LM2596S-ADJ-ND"; VariantName = "[No Variations]"
Add component (AddParameter): Name = "FirstPublished"; Value = "4-Dec-2008"; VariantName = "[No Variations]"
Add component (AddParameter): Name = "Manufacturer"; Value = "National Semiconductor"; VariantName = "[No Variations]"
Add component (AddParameter): Name = "PackageDescription"; Value = "TO-263, Molded, .400 x .390 x .180in, 5 Lead, .067in Pitch, Surface Mount"; VariantName = "[No Variations]"
Add component (AddParameter): Name = "PackageReference"; Value = "TS5B"; VariantName = "[No Variations]"
Add component (AddParameter): Name = "PackageTopMarking"; Value = "NSUZXYTT*LM2596S*-ADJ P+"; VariantName = "[No Variations]"
Add component (AddParameter): Name = "PackageVersion"; Value = "revD, Apr-2005"; VariantName = "[No Variations]"
Add component (AddParameter): Name = "PartNumber"; Value = "LM2576-5V"; VariantName = "[No Variations]"
Add component (AddParameter): Name = "PinCount"; Value = "5"; VariantName = "[No Variations]"
Add component (AddParameter): Name = "PowerWise"; Value = "N"; VariantName = "[No Variations]"
Add component (AddParameter): Name = "Publisher"; Value = "Altium Limited"; VariantName = "[No Variations]"
Add component (AddParameter): Name = "RoHS"; Value = "O"; VariantName = "[No Variations]"
Added Pin To Net: NetName=GND Pin=C01-2
Added Pin To Net: NetName=GND Pin=C01-2
Added Pin To Net: NetName=GND Pin=D?-A
Added Pin To Net: NetName=+5V Pin=L*-2
Added Pin To Net: NetName=GND Pin=U1-3
Added Pin To Net: NetName=+5V Pin=U1-4
Added Pin To Net: NetName=GND Pin=U1-5
Added Pin To Net: NetName=GND Pin=U1-6
Added Pin To Net: NetName=NetD?_K Pin=D?-K
Added Pin To Net: NetName=NetD?_K Pin=L*-1
Added Pin To Net: NetName=NetD?_K Pin=U1-2
Added Net: Name=NetD?_K
Added Pin To Net: NetName=Vin Pin=C01-1
Added Pin To Net: NetName=Vin Pin=U1-1
Added Net: Name=Vin
Added Member To Class: ClassName=PAPI_M2_Control Member=Component C01 T? nhôm c?m35V/220uF
Added Member To Class: ClassName=PAPI_M2_Control Member=Component C41 T? di?n dán 0805104
Added Member To Class: ClassName=PAPI_M2_Control Member=Component D? Ði ?t c?m1N5822
Added Member To Class: ClassName=PAPI_M2_Control Member=Component L* Cu?n c?m dán100uH
Added Member To Class: ClassName=PAPI_M2_Control Member=Component U1 LM2576-5V
