Change Component Comment : Designator=R49 Old Comment=할?n tr? d烱 060310k New Comment=할?n tr? d烱 06030R
Change Component Comment : Designator=R410 Old Comment=할?n tr? d烱 060310k New Comment=할?n tr? d烱 06030R
Change Component Comment : Designator=R48 Old Comment=할?n tr? d烱 060310k New Comment=할?n tr? d烱 08050R
Change Component Comment : Designator=R01 Old Comment=할?n tr? d烱 060310k New Comment=할?n tr? d烱 0603330R
Change component parameters: Designator = "R01"; Footprint = "RES 0805"; UniqueID = "\FVUGSCCS"
Change component parameters. Clean all parameters for all variants
Change component parameters (AddParameter): Name = "cm1"; Value = "할?n tr? d烱 0603"; VariantName = "[No Variations]"
Change component parameters (AddParameter): Name = "cm2"; Value = "할?n tr? c?m 1/4W"; VariantName = "[No Variations]"
Change component parameters (AddParameter): Name = "cm3"; Value = "할?n tr? d烱 0805"; VariantName = "[No Variations]"
Change component parameters (AddParameter): Name = "cm4"; Value = "할?n tr? d烱 1206"; VariantName = "[No Variations]"
Change component parameters (AddParameter): Name = "Value"; Value = "330R"; VariantName = "[No Variations]"
Change component parameters: Designator = "R48"; Footprint = "RES 0805"; UniqueID = "\WFGNDMLV"
Change component parameters. Clean all parameters for all variants
Change component parameters (AddParameter): Name = "cm1"; Value = "할?n tr? d烱 0603"; VariantName = "[No Variations]"
Change component parameters (AddParameter): Name = "cm2"; Value = "할?n tr? c?m 1/4W"; VariantName = "[No Variations]"
Change component parameters (AddParameter): Name = "cm3"; Value = "할?n tr? d烱 0805"; VariantName = "[No Variations]"
Change component parameters (AddParameter): Name = "cm4"; Value = "할?n tr? d烱 1206"; VariantName = "[No Variations]"
Change component parameters (AddParameter): Name = "Value"; Value = "0R"; VariantName = "[No Variations]"
Change component parameters: Designator = "R49"; Footprint = "RES 0805"; UniqueID = "\AJUBHIYA"
Change component parameters. Clean all parameters for all variants
Change component parameters (AddParameter): Name = "cm1"; Value = "할?n tr? d烱 0603"; VariantName = "[No Variations]"
Change component parameters (AddParameter): Name = "cm2"; Value = "할?n tr? c?m 1/4W"; VariantName = "[No Variations]"
Change component parameters (AddParameter): Name = "cm3"; Value = "할?n tr? d烱 0805"; VariantName = "[No Variations]"
Change component parameters (AddParameter): Name = "cm4"; Value = "할?n tr? d烱 1206"; VariantName = "[No Variations]"
Change component parameters (AddParameter): Name = "Value"; Value = "0R"; VariantName = "[No Variations]"
Change component parameters: Designator = "R410"; Footprint = "RES 0805"; UniqueID = "\TAHBGQXO"
Change component parameters. Clean all parameters for all variants
Change component parameters (AddParameter): Name = "cm1"; Value = "할?n tr? d烱 0603"; VariantName = "[No Variations]"
Change component parameters (AddParameter): Name = "cm2"; Value = "할?n tr? c?m 1/4W"; VariantName = "[No Variations]"
Change component parameters (AddParameter): Name = "cm3"; Value = "할?n tr? d烱 0805"; VariantName = "[No Variations]"
Change component parameters (AddParameter): Name = "cm4"; Value = "할?n tr? d烱 1206"; VariantName = "[No Variations]"
Change component parameters (AddParameter): Name = "Value"; Value = "0R"; VariantName = "[No Variations]"
