Removed Pin From Net: NetName=VCC Pin=C41-2
Removed Pin From Net: NetName=VCC Pin=C42-2
Removed Pin From Net: NetName=VCC Pin=C43-2
Removed Pin From Net: NetName=VCC Pin=C44-2
Removed Pin From Net: NetName=VCC Pin=U41-2
Removed Pin From Net: NetName=VCC Pin=U41-8
Removed Pin From Net: NetName=VCC Pin=VCC-1
Added Pin To Net: NetName=+5V Pin=C41-2
Added Pin To Net: NetName=+5V Pin=C42-2
Added Pin To Net: NetName=+5V Pin=C43-2
Added Pin To Net: NetName=+5V Pin=C44-2
Added Pin To Net: NetName=USART1_RX Pin=R48-1
Added Pin To Net: NetName=USART1_RX Pin=R48-1
Added Pin To Net: NetName=USART1_RX Pin=R48-1
Added Pin To Net: NetName=USART1_RX Pin=R48-1
Added Pin To Net: NetName=USART1_RX Pin=R48-1
Added Pin To Net: NetName=RS485D Pin=R49-1
Added Pin To Net: NetName=RS485D Pin=R49-1
Added Pin To Net: NetName=RS485D Pin=R49-1
Added Pin To Net: NetName=RS485D Pin=R49-1
Added Pin To Net: NetName=RS485D Pin=R49-1
Added Pin To Net: NetName=USART1_TX Pin=R410-1
Added Pin To Net: NetName=USART1_TX Pin=R410-1
Added Pin To Net: NetName=USART1_TX Pin=R410-1
Added Pin To Net: NetName=USART1_TX Pin=R410-1
Added Pin To Net: NetName=USART1_TX Pin=R410-1
Added Pin To Net: NetName=+5V Pin=U41-2
Added Pin To Net: NetName=+5V Pin=U41-8
Added Pin To Net: NetName=+5V Pin=VCC-1
