Change Component Footprint: Designator=R41 Old Footprint=RESC1608N_F New Footprint=RES 0805
Change Component Footprint: Designator=R42 Old Footprint=RESC1608N_F New Footprint=RES 0805
Change Component Footprint: Designator=R43 Old Footprint=RESC1608N_F New Footprint=RES 0805
Change Component Footprint: Designator=R45 Old Footprint=RESC1608N_F New Footprint=RES 0805
Change Component Comment : Designator=C31 Old Comment=T? di?n d烱 0603104 New Comment=T? di?n d烱 060322p
Change Component Comment : Designator=C32 Old Comment=T? di?n d烱 0603104 New Comment=T? di?n d烱 060322p
Change Component Comment : Designator=R41 Old Comment=할?n tr? d烱 060310k New Comment=할?n tr? d烱 060310R
Change Component Comment : Designator=R42 Old Comment=할?n tr? d烱 060310k New Comment=할?n tr? d烱 060310R
Change Component Comment : Designator=R44 Old Comment=할?n tr? d烱 060310k New Comment=할?n tr? d烱 060310R
Change Component Comment : Designator=R45 Old Comment=할?n tr? d烱 060310k New Comment=할?n tr? d烱 060310R
Change component parameters: Designator = "C31"; Footprint = "CAP 0805"; UniqueID = "\FXYHUKET"
Change component parameters. Clean all parameters for all variants
Change component parameters (AddParameter): Name = "cm1"; Value = "T? di?n d烱 0603"; VariantName = "[No Variations]"
Change component parameters (AddParameter): Name = "cm2"; Value = "T? di?n d烱 0805"; VariantName = "[No Variations]"
Change component parameters (AddParameter): Name = "cm3"; Value = "T? di?n d烱 1206"; VariantName = "[No Variations]"
Change component parameters (AddParameter): Name = "Value"; Value = "22p"; VariantName = "[No Variations]"
Change component parameters: Designator = "C32"; Footprint = "CAP 0805"; UniqueID = "\YCNPFAUJ"
Change component parameters. Clean all parameters for all variants
Change component parameters (AddParameter): Name = "cm1"; Value = "T? di?n d烱 0603"; VariantName = "[No Variations]"
Change component parameters (AddParameter): Name = "cm2"; Value = "T? di?n d烱 0805"; VariantName = "[No Variations]"
Change component parameters (AddParameter): Name = "cm3"; Value = "T? di?n d烱 1206"; VariantName = "[No Variations]"
Change component parameters (AddParameter): Name = "Value"; Value = "22p"; VariantName = "[No Variations]"
Change component parameters: Designator = "R41"; Footprint = "RES 0805"; UniqueID = "\MDSLSDXE"
Change component parameters. Clean all parameters for all variants
Change component parameters (AddParameter): Name = "cm1"; Value = "할?n tr? d烱 0603"; VariantName = "[No Variations]"
Change component parameters (AddParameter): Name = "cm2"; Value = "할?n tr? c?m 1/4W"; VariantName = "[No Variations]"
Change component parameters (AddParameter): Name = "cm3"; Value = "할?n tr? d烱 0805"; VariantName = "[No Variations]"
Change component parameters (AddParameter): Name = "cm4"; Value = "할?n tr? d烱 1206"; VariantName = "[No Variations]"
Change component parameters (AddParameter): Name = "Value"; Value = "10R"; VariantName = "[No Variations]"
Change component parameters: Designator = "R42"; Footprint = "RES 0805"; UniqueID = "\CEHURBVN"
Change component parameters. Clean all parameters for all variants
Change component parameters (AddParameter): Name = "cm1"; Value = "할?n tr? d烱 0603"; VariantName = "[No Variations]"
Change component parameters (AddParameter): Name = "cm2"; Value = "할?n tr? c?m 1/4W"; VariantName = "[No Variations]"
Change component parameters (AddParameter): Name = "cm3"; Value = "할?n tr? d烱 0805"; VariantName = "[No Variations]"
Change component parameters (AddParameter): Name = "cm4"; Value = "할?n tr? d烱 1206"; VariantName = "[No Variations]"
Change component parameters (AddParameter): Name = "Value"; Value = "10R"; VariantName = "[No Variations]"
Change component parameters: Designator = "R44"; Footprint = "RESC1608N_F"; UniqueID = "\YHDCGNCE"
Change component parameters. Clean all parameters for all variants
Change component parameters (AddParameter): Name = "cm1"; Value = "할?n tr? d烱 0603"; VariantName = "[No Variations]"
Change component parameters (AddParameter): Name = "cm2"; Value = "할?n tr? c?m 1/4W"; VariantName = "[No Variations]"
Change component parameters (AddParameter): Name = "cm3"; Value = "할?n tr? d烱 0805"; VariantName = "[No Variations]"
Change component parameters (AddParameter): Name = "cm4"; Value = "할?n tr? d烱 1206"; VariantName = "[No Variations]"
Change component parameters (AddParameter): Name = "Value"; Value = "10R"; VariantName = "[No Variations]"
Change component parameters: Designator = "R45"; Footprint = "RES 0805"; UniqueID = "\HBIBGGDX"
Change component parameters. Clean all parameters for all variants
Change component parameters (AddParameter): Name = "cm1"; Value = "할?n tr? d烱 0603"; VariantName = "[No Variations]"
Change component parameters (AddParameter): Name = "cm2"; Value = "할?n tr? c?m 1/4W"; VariantName = "[No Variations]"
Change component parameters (AddParameter): Name = "cm3"; Value = "할?n tr? d烱 0805"; VariantName = "[No Variations]"
Change component parameters (AddParameter): Name = "cm4"; Value = "할?n tr? d烱 1206"; VariantName = "[No Variations]"
Change component parameters (AddParameter): Name = "Value"; Value = "10R"; VariantName = "[No Variations]"
