Change component parameters: Designator = "C02"; Footprint = "CAPE3.5-5.0MM_Rad_10x14mm"; UniqueID = "\NHHSRBNB"
Change component parameters. Clean all parameters for all variants
Change component parameters (AddParameter): Name = "cm"; Value = "T? nh臻 c?m"; VariantName = "[No Variations]"
Change component parameters (AddParameter): Name = "Value"; Value = "35V/220uF"; VariantName = "[No Variations]"
Change component parameters: Designator = "C12"; Footprint = "CAPE3.5-5.0MM_Rad_10x14mm"; UniqueID = "\RXNSLDIF"
Change component parameters. Clean all parameters for all variants
Change component parameters (AddParameter): Name = "cm"; Value = "T? nh臻 c?m"; VariantName = "[No Variations]"
Change component parameters (AddParameter): Name = "Value"; Value = "35V/220uF"; VariantName = "[No Variations]"
Change component parameters: Designator = "C13"; Footprint = "CAPE3.5-5.0MM_Rad_10x14mm"; UniqueID = "\LKXPGCMX"
Change component parameters. Clean all parameters for all variants
Change component parameters (AddParameter): Name = "cm"; Value = "T? nh臻 c?m"; VariantName = "[No Variations]"
Change component parameters (AddParameter): Name = "Value"; Value = "35V/220uF"; VariantName = "[No Variations]"
Change component parameters: Designator = "D11"; Footprint = "DO-201"; UniqueID = "\AKRPGOON"
Change component parameters. Clean all parameters for all variants
Change component parameters (AddParameter): Name = "cm1"; Value = "할 ?t c?m"; VariantName = "[No Variations]"
Change component parameters (AddParameter): Name = "cm2"; Value = "할 ?t d烱"; VariantName = "[No Variations]"
Change component parameters (AddParameter): Name = "vl1"; Value = "FR307"; VariantName = "[No Variations]"
Change component parameters (AddParameter): Name = "vl3"; Value = "TVS 1.5KE300A 19A 300V"; VariantName = "[No Variations]"
Change component parameters (AddParameter): Name = "vl4"; Value = "HER508 5A 1000V"; VariantName = "[No Variations]"
Change component parameters: Designator = "C05"; Footprint = "CAPC2012N_F"; UniqueID = "\GXHPIJCQ"
Change component parameters. Clean all parameters for all variants
Change component parameters (AddParameter): Name = "cm1"; Value = "T? di?n d烱 0603"; VariantName = "[No Variations]"
Change component parameters (AddParameter): Name = "cm2"; Value = "T? di?n d烱 0805"; VariantName = "[No Variations]"
Change component parameters (AddParameter): Name = "cm3"; Value = "T? di?n d烱 1206"; VariantName = "[No Variations]"
Change component parameters (AddParameter): Name = "Value"; Value = "104"; VariantName = "[No Variations]"
Change component parameters: Designator = "C06"; Footprint = "CAPC2012N_F"; UniqueID = "\MYJWDNDL"
Change component parameters. Clean all parameters for all variants
Change component parameters (AddParameter): Name = "cm1"; Value = "T? di?n d烱 0603"; VariantName = "[No Variations]"
Change component parameters (AddParameter): Name = "cm2"; Value = "T? di?n d烱 0805"; VariantName = "[No Variations]"
Change component parameters (AddParameter): Name = "cm3"; Value = "T? di?n d烱 1206"; VariantName = "[No Variations]"
Change component parameters (AddParameter): Name = "Value"; Value = "103"; VariantName = "[No Variations]"
Change component parameters: Designator = "C07"; Footprint = "CAPC2012N_F"; UniqueID = "\AWVEXRFU"
Change component parameters. Clean all parameters for all variants
Change component parameters (AddParameter): Name = "cm1"; Value = "T? di?n d烱 0603"; VariantName = "[No Variations]"
Change component parameters (AddParameter): Name = "cm2"; Value = "T? di?n d烱 0805"; VariantName = "[No Variations]"
Change component parameters (AddParameter): Name = "cm3"; Value = "T? di?n d烱 1206"; VariantName = "[No Variations]"
Change component parameters (AddParameter): Name = "Value"; Value = "104"; VariantName = "[No Variations]"
Change component parameters: Designator = "C31"; Footprint = "CAPC2012N_F"; UniqueID = "\FXYHUKET"
Change component parameters. Clean all parameters for all variants
Change component parameters (AddParameter): Name = "cm1"; Value = "T? di?n d烱 0603"; VariantName = "[No Variations]"
Change component parameters (AddParameter): Name = "cm2"; Value = "T? di?n d烱 0805"; VariantName = "[No Variations]"
Change component parameters (AddParameter): Name = "cm3"; Value = "T? di?n d烱 1206"; VariantName = "[No Variations]"
Change component parameters (AddParameter): Name = "Value"; Value = "18p"; VariantName = "[No Variations]"
Change component parameters: Designator = "C32"; Footprint = "CAPC2012N_F"; UniqueID = "\YCNPFAUJ"
Change component parameters. Clean all parameters for all variants
Change component parameters (AddParameter): Name = "cm1"; Value = "T? di?n d烱 0603"; VariantName = "[No Variations]"
Change component parameters (AddParameter): Name = "cm2"; Value = "T? di?n d烱 0805"; VariantName = "[No Variations]"
Change component parameters (AddParameter): Name = "cm3"; Value = "T? di?n d烱 1206"; VariantName = "[No Variations]"
Change component parameters (AddParameter): Name = "Value"; Value = "18p"; VariantName = "[No Variations]"
Change component parameters: Designator = "C33"; Footprint = "CAPC2012N_F"; UniqueID = "\SQNVCGBI"
Change component parameters. Clean all parameters for all variants
Change component parameters (AddParameter): Name = "cm1"; Value = "T? di?n d烱 0603"; VariantName = "[No Variations]"
Change component parameters (AddParameter): Name = "cm2"; Value = "T? di?n d烱 0805"; VariantName = "[No Variations]"
Change component parameters (AddParameter): Name = "cm3"; Value = "T? di?n d烱 1206"; VariantName = "[No Variations]"
Change component parameters (AddParameter): Name = "Value"; Value = "104"; VariantName = "[No Variations]"
Change component parameters: Designator = "C34"; Footprint = "CAPC2012N_F"; UniqueID = "\KRAXDMCC"
Change component parameters. Clean all parameters for all variants
Change component parameters (AddParameter): Name = "cm1"; Value = "T? di?n d烱 0603"; VariantName = "[No Variations]"
Change component parameters (AddParameter): Name = "cm2"; Value = "T? di?n d烱 0805"; VariantName = "[No Variations]"
Change component parameters (AddParameter): Name = "cm3"; Value = "T? di?n d烱 1206"; VariantName = "[No Variations]"
Change component parameters (AddParameter): Name = "Value"; Value = "104"; VariantName = "[No Variations]"
Change component parameters: Designator = "C35"; Footprint = "CAPC2012N_F"; UniqueID = "\JTWQXFPE"
Change component parameters. Clean all parameters for all variants
Change component parameters (AddParameter): Name = "cm1"; Value = "T? di?n d烱 0603"; VariantName = "[No Variations]"
Change component parameters (AddParameter): Name = "cm2"; Value = "T? di?n d烱 0805"; VariantName = "[No Variations]"
Change component parameters (AddParameter): Name = "cm3"; Value = "T? di?n d烱 1206"; VariantName = "[No Variations]"
Change component parameters (AddParameter): Name = "Value"; Value = "104"; VariantName = "[No Variations]"
Change component parameters: Designator = "C36"; Footprint = "CAPC2012N_F"; UniqueID = "\JCWYBWXC"
Change component parameters. Clean all parameters for all variants
Change component parameters (AddParameter): Name = "cm1"; Value = "T? di?n d烱 0603"; VariantName = "[No Variations]"
Change component parameters (AddParameter): Name = "cm2"; Value = "T? di?n d烱 0805"; VariantName = "[No Variations]"
Change component parameters (AddParameter): Name = "cm3"; Value = "T? di?n d烱 1206"; VariantName = "[No Variations]"
Change component parameters (AddParameter): Name = "Value"; Value = "104"; VariantName = "[No Variations]"
Change component parameters: Designator = "C37"; Footprint = "CAPC2012N_F"; UniqueID = "\XWRVDFVC"
Change component parameters. Clean all parameters for all variants
Change component parameters (AddParameter): Name = "cm1"; Value = "T? di?n d烱 0603"; VariantName = "[No Variations]"
Change component parameters (AddParameter): Name = "cm2"; Value = "T? di?n d烱 0805"; VariantName = "[No Variations]"
Change component parameters (AddParameter): Name = "cm3"; Value = "T? di?n d烱 1206"; VariantName = "[No Variations]"
Change component parameters (AddParameter): Name = "Value"; Value = "104"; VariantName = "[No Variations]"
Change component parameters: Designator = "C41"; Footprint = "CAPC2012N_F"; UniqueID = "\DMJIILQR"
Change component parameters. Clean all parameters for all variants
Change component parameters (AddParameter): Name = "cm1"; Value = "T? di?n d烱 0603"; VariantName = "[No Variations]"
Change component parameters (AddParameter): Name = "cm2"; Value = "T? di?n d烱 0805"; VariantName = "[No Variations]"
Change component parameters (AddParameter): Name = "cm3"; Value = "T? di?n d烱 1206"; VariantName = "[No Variations]"
Change component parameters (AddParameter): Name = "Value"; Value = "104"; VariantName = "[No Variations]"
Change component parameters: Designator = "C41"; Footprint = "CAPC2012N_F"; UniqueID = "\BWPDNSNJ"
Change component parameters. Clean all parameters for all variants
Change component parameters (AddParameter): Name = "cm1"; Value = "T? di?n d烱 0603"; VariantName = "[No Variations]"
Change component parameters (AddParameter): Name = "cm2"; Value = "T? di?n d烱 0805"; VariantName = "[No Variations]"
Change component parameters (AddParameter): Name = "cm3"; Value = "T? di?n d烱 1206"; VariantName = "[No Variations]"
Change component parameters (AddParameter): Name = "Value"; Value = "104"; VariantName = "[No Variations]"
Change component parameters: Designator = "C42"; Footprint = "CAPC2012N_F"; UniqueID = "\HJNURBGV"
Change component parameters. Clean all parameters for all variants
Change component parameters (AddParameter): Name = "cm1"; Value = "T? di?n d烱 0603"; VariantName = "[No Variations]"
Change component parameters (AddParameter): Name = "cm2"; Value = "T? di?n d烱 0805"; VariantName = "[No Variations]"
Change component parameters (AddParameter): Name = "cm3"; Value = "T? di?n d烱 1206"; VariantName = "[No Variations]"
Change component parameters (AddParameter): Name = "Value"; Value = "103"; VariantName = "[No Variations]"
Change component parameters: Designator = "C43"; Footprint = "CAPC2012N_F"; UniqueID = "\VJMCTRBR"
Change component parameters. Clean all parameters for all variants
Change component parameters (AddParameter): Name = "cm1"; Value = "T? di?n d烱 0603"; VariantName = "[No Variations]"
Change component parameters (AddParameter): Name = "cm2"; Value = "T? di?n d烱 0805"; VariantName = "[No Variations]"
Change component parameters (AddParameter): Name = "cm3"; Value = "T? di?n d烱 1206"; VariantName = "[No Variations]"
Change component parameters (AddParameter): Name = "Value"; Value = "106"; VariantName = "[No Variations]"
Change component parameters: Designator = "C44"; Footprint = "CAPC2012N_F"; UniqueID = "\TLPWPXUT"
Change component parameters. Clean all parameters for all variants
Change component parameters (AddParameter): Name = "cm1"; Value = "T? di?n d烱 0603"; VariantName = "[No Variations]"
Change component parameters (AddParameter): Name = "cm2"; Value = "T? di?n d烱 0805"; VariantName = "[No Variations]"
Change component parameters (AddParameter): Name = "cm3"; Value = "T? di?n d烱 1206"; VariantName = "[No Variations]"
Change component parameters (AddParameter): Name = "Value"; Value = "103"; VariantName = "[No Variations]"
Change component parameters: Designator = "C45"; Footprint = "CAPC2012N_F"; UniqueID = "\HFOSRMLM"
Change component parameters. Clean all parameters for all variants
Change component parameters (AddParameter): Name = "cm1"; Value = "T? di?n d烱 0603"; VariantName = "[No Variations]"
Change component parameters (AddParameter): Name = "cm2"; Value = "T? di?n d烱 0805"; VariantName = "[No Variations]"
Change component parameters (AddParameter): Name = "cm3"; Value = "T? di?n d烱 1206"; VariantName = "[No Variations]"
Change component parameters (AddParameter): Name = "Value"; Value = "103"; VariantName = "[No Variations]"
Change component parameters: Designator = "C46"; Footprint = "CAPC2012N_F"; UniqueID = "\DGCALIQF"
Change component parameters. Clean all parameters for all variants
Change component parameters (AddParameter): Name = "cm1"; Value = "T? di?n d烱 0603"; VariantName = "[No Variations]"
Change component parameters (AddParameter): Name = "cm2"; Value = "T? di?n d烱 0805"; VariantName = "[No Variations]"
Change component parameters (AddParameter): Name = "cm3"; Value = "T? di?n d烱 1206"; VariantName = "[No Variations]"
Change component parameters (AddParameter): Name = "Value"; Value = "104"; VariantName = "[No Variations]"
Change component parameters: Designator = "C47"; Footprint = "CAPC2012N_F"; UniqueID = "\XQUJSNXF"
Change component parameters. Clean all parameters for all variants
Change component parameters (AddParameter): Name = "cm1"; Value = "T? di?n d烱 0603"; VariantName = "[No Variations]"
Change component parameters (AddParameter): Name = "cm2"; Value = "T? di?n d烱 0805"; VariantName = "[No Variations]"
Change component parameters (AddParameter): Name = "cm3"; Value = "T? di?n d烱 1206"; VariantName = "[No Variations]"
Change component parameters (AddParameter): Name = "Value"; Value = "103"; VariantName = "[No Variations]"
Change component parameters: Designator = "C48"; Footprint = "CAPC2012N_F"; UniqueID = "\XQEWQBCB"
Change component parameters. Clean all parameters for all variants
Change component parameters (AddParameter): Name = "cm1"; Value = "T? di?n d烱 0603"; VariantName = "[No Variations]"
Change component parameters (AddParameter): Name = "cm2"; Value = "T? di?n d烱 0805"; VariantName = "[No Variations]"
Change component parameters (AddParameter): Name = "cm3"; Value = "T? di?n d烱 1206"; VariantName = "[No Variations]"
Change component parameters (AddParameter): Name = "Value"; Value = "106"; VariantName = "[No Variations]"
Change component parameters: Designator = "C51"; Footprint = "CAPC2012N_F"; UniqueID = "\VMXIGTET"
Change component parameters. Clean all parameters for all variants
Change component parameters (AddParameter): Name = "cm1"; Value = "T? di?n d烱 0603"; VariantName = "[No Variations]"
Change component parameters (AddParameter): Name = "cm2"; Value = "T? di?n d烱 0805"; VariantName = "[No Variations]"
Change component parameters (AddParameter): Name = "cm3"; Value = "T? di?n d烱 1206"; VariantName = "[No Variations]"
Change component parameters (AddParameter): Name = "Value"; Value = "101"; VariantName = "[No Variations]"
Change component parameters: Designator = "C52"; Footprint = "CAPC2012N_F"; UniqueID = "\EJSUSKJB"
Change component parameters. Clean all parameters for all variants
Change component parameters (AddParameter): Name = "cm1"; Value = "T? di?n d烱 0603"; VariantName = "[No Variations]"
Change component parameters (AddParameter): Name = "cm2"; Value = "T? di?n d烱 0805"; VariantName = "[No Variations]"
Change component parameters (AddParameter): Name = "cm3"; Value = "T? di?n d烱 1206"; VariantName = "[No Variations]"
Change component parameters (AddParameter): Name = "Value"; Value = "101"; VariantName = "[No Variations]"
Change component parameters: Designator = "C53"; Footprint = "CAPC2012N_F"; UniqueID = "\NGWSBBES"
Change component parameters. Clean all parameters for all variants
Change component parameters (AddParameter): Name = "cm1"; Value = "T? di?n d烱 0603"; VariantName = "[No Variations]"
Change component parameters (AddParameter): Name = "cm2"; Value = "T? di?n d烱 0805"; VariantName = "[No Variations]"
Change component parameters (AddParameter): Name = "cm3"; Value = "T? di?n d烱 1206"; VariantName = "[No Variations]"
Change component parameters (AddParameter): Name = "Value"; Value = "105"; VariantName = "[No Variations]"
Change component parameters: Designator = "C54"; Footprint = "CAPC2012N_F"; UniqueID = "\IRKIGPBI"
Change component parameters. Clean all parameters for all variants
Change component parameters (AddParameter): Name = "cm1"; Value = "T? di?n d烱 0603"; VariantName = "[No Variations]"
Change component parameters (AddParameter): Name = "cm2"; Value = "T? di?n d烱 0805"; VariantName = "[No Variations]"
Change component parameters (AddParameter): Name = "cm3"; Value = "T? di?n d烱 1206"; VariantName = "[No Variations]"
Change component parameters (AddParameter): Name = "Value"; Value = "103"; VariantName = "[No Variations]"
Change component parameters: Designator = "C55"; Footprint = "CAPC2012N_F"; UniqueID = "\CGCNETXT"
Change component parameters. Clean all parameters for all variants
Change component parameters (AddParameter): Name = "cm1"; Value = "T? di?n d烱 0603"; VariantName = "[No Variations]"
Change component parameters (AddParameter): Name = "cm2"; Value = "T? di?n d烱 0805"; VariantName = "[No Variations]"
Change component parameters (AddParameter): Name = "cm3"; Value = "T? di?n d烱 1206"; VariantName = "[No Variations]"
Change component parameters (AddParameter): Name = "Value"; Value = "103"; VariantName = "[No Variations]"
Change component parameters: Designator = "R01"; Footprint = "RESC2012N_F"; UniqueID = "\VXKTPIPY"
Change component parameters. Clean all parameters for all variants
Change component parameters (AddParameter): Name = "cm1"; Value = "할?n tr? d烱 0603"; VariantName = "[No Variations]"
Change component parameters (AddParameter): Name = "cm2"; Value = "할?n tr? c?m 1/4W"; VariantName = "[No Variations]"
Change component parameters (AddParameter): Name = "cm3"; Value = "할?n tr? d烱 0805"; VariantName = "[No Variations]"
Change component parameters (AddParameter): Name = "cm4"; Value = "할?n tr? d烱 1206"; VariantName = "[No Variations]"
Change component parameters (AddParameter): Name = "Value"; Value = "10k"; VariantName = "[No Variations]"
Change component parameters: Designator = "R02"; Footprint = "RESC2012N_F"; UniqueID = "\VDNPDRWC"
Change component parameters. Clean all parameters for all variants
Change component parameters (AddParameter): Name = "cm1"; Value = "할?n tr? d烱 0603"; VariantName = "[No Variations]"
Change component parameters (AddParameter): Name = "cm2"; Value = "할?n tr? c?m 1/4W"; VariantName = "[No Variations]"
Change component parameters (AddParameter): Name = "cm3"; Value = "할?n tr? d烱 0805"; VariantName = "[No Variations]"
Change component parameters (AddParameter): Name = "cm4"; Value = "할?n tr? d烱 1206"; VariantName = "[No Variations]"
Change component parameters (AddParameter): Name = "Value"; Value = "3.24k"; VariantName = "[No Variations]"
Change component parameters: Designator = "R03"; Footprint = "RESC2012N_F"; UniqueID = "\YMTFQAHT"
Change component parameters. Clean all parameters for all variants
Change component parameters (AddParameter): Name = "cm1"; Value = "할?n tr? d烱 0603"; VariantName = "[No Variations]"
Change component parameters (AddParameter): Name = "cm2"; Value = "할?n tr? c?m 1/4W"; VariantName = "[No Variations]"
Change component parameters (AddParameter): Name = "cm3"; Value = "할?n tr? d烱 0805"; VariantName = "[No Variations]"
Change component parameters (AddParameter): Name = "cm4"; Value = "할?n tr? d烱 1206"; VariantName = "[No Variations]"
Change component parameters (AddParameter): Name = "Value"; Value = "330R"; VariantName = "[No Variations]"
Change component parameters: Designator = "R46"; Footprint = "RESC2012N_F"; UniqueID = "\LXVEUHKT"
Change component parameters. Clean all parameters for all variants
Change component parameters (AddParameter): Name = "cm1"; Value = "할?n tr? d烱 0603"; VariantName = "[No Variations]"
Change component parameters (AddParameter): Name = "cm2"; Value = "할?n tr? c?m 1/4W"; VariantName = "[No Variations]"
Change component parameters (AddParameter): Name = "cm3"; Value = "할?n tr? d烱 0805"; VariantName = "[No Variations]"
Change component parameters (AddParameter): Name = "cm4"; Value = "할?n tr? d烱 1206"; VariantName = "[No Variations]"
Change component parameters (AddParameter): Name = "Value"; Value = "0R"; VariantName = "[No Variations]"
Change component parameters: Designator = "R47"; Footprint = "RESC2012N_F"; UniqueID = "\WVCOFYSD"
Change component parameters. Clean all parameters for all variants
Change component parameters (AddParameter): Name = "cm1"; Value = "할?n tr? d烱 0603"; VariantName = "[No Variations]"
Change component parameters (AddParameter): Name = "cm2"; Value = "할?n tr? c?m 1/4W"; VariantName = "[No Variations]"
Change component parameters (AddParameter): Name = "cm3"; Value = "할?n tr? d烱 0805"; VariantName = "[No Variations]"
Change component parameters (AddParameter): Name = "cm4"; Value = "할?n tr? d烱 1206"; VariantName = "[No Variations]"
Change component parameters (AddParameter): Name = "Value"; Value = "0R"; VariantName = "[No Variations]"
Change component parameters: Designator = "R48"; Footprint = "RESC2012N_F"; UniqueID = "\WFGNDMLV"
Change component parameters. Clean all parameters for all variants
Change component parameters (AddParameter): Name = "cm1"; Value = "할?n tr? d烱 0603"; VariantName = "[No Variations]"
Change component parameters (AddParameter): Name = "cm2"; Value = "할?n tr? c?m 1/4W"; VariantName = "[No Variations]"
Change component parameters (AddParameter): Name = "cm3"; Value = "할?n tr? d烱 0805"; VariantName = "[No Variations]"
Change component parameters (AddParameter): Name = "cm4"; Value = "할?n tr? d烱 1206"; VariantName = "[No Variations]"
Change component parameters (AddParameter): Name = "Value"; Value = "0R"; VariantName = "[No Variations]"
Change component parameters: Designator = "R49"; Footprint = "RESC2012N_F"; UniqueID = "\AJUBHIYA"
Change component parameters. Clean all parameters for all variants
Change component parameters (AddParameter): Name = "cm1"; Value = "할?n tr? d烱 0603"; VariantName = "[No Variations]"
Change component parameters (AddParameter): Name = "cm2"; Value = "할?n tr? c?m 1/4W"; VariantName = "[No Variations]"
Change component parameters (AddParameter): Name = "cm3"; Value = "할?n tr? d烱 0805"; VariantName = "[No Variations]"
Change component parameters (AddParameter): Name = "cm4"; Value = "할?n tr? d烱 1206"; VariantName = "[No Variations]"
Change component parameters (AddParameter): Name = "Value"; Value = "0R"; VariantName = "[No Variations]"
Change component parameters: Designator = "R51"; Footprint = "RESC2012N_F"; UniqueID = "\NVPXIYSC"
Change component parameters. Clean all parameters for all variants
Change component parameters (AddParameter): Name = "cm1"; Value = "할?n tr? d烱 0603"; VariantName = "[No Variations]"
Change component parameters (AddParameter): Name = "cm2"; Value = "할?n tr? c?m 1/4W"; VariantName = "[No Variations]"
Change component parameters (AddParameter): Name = "cm3"; Value = "할?n tr? d烱 0805"; VariantName = "[No Variations]"
Change component parameters (AddParameter): Name = "cm4"; Value = "할?n tr? d烱 1206"; VariantName = "[No Variations]"
Change component parameters (AddParameter): Name = "Value"; Value = "10k"; VariantName = "[No Variations]"
Change component parameters: Designator = "R52"; Footprint = "RESC2012N_F"; UniqueID = "\PPNIMKNF"
Change component parameters. Clean all parameters for all variants
Change component parameters (AddParameter): Name = "cm1"; Value = "할?n tr? d烱 0603"; VariantName = "[No Variations]"
Change component parameters (AddParameter): Name = "cm2"; Value = "할?n tr? c?m 1/4W"; VariantName = "[No Variations]"
Change component parameters (AddParameter): Name = "cm3"; Value = "할?n tr? d烱 0805"; VariantName = "[No Variations]"
Change component parameters (AddParameter): Name = "cm4"; Value = "할?n tr? d烱 1206"; VariantName = "[No Variations]"
Change component parameters (AddParameter): Name = "Value"; Value = "10k"; VariantName = "[No Variations]"
Change component parameters: Designator = "R410"; Footprint = "RESC2012N_F"; UniqueID = "\TAHBGQXO"
Change component parameters. Clean all parameters for all variants
Change component parameters (AddParameter): Name = "cm1"; Value = "할?n tr? d烱 0603"; VariantName = "[No Variations]"
Change component parameters (AddParameter): Name = "cm2"; Value = "할?n tr? c?m 1/4W"; VariantName = "[No Variations]"
Change component parameters (AddParameter): Name = "cm3"; Value = "할?n tr? d烱 0805"; VariantName = "[No Variations]"
Change component parameters (AddParameter): Name = "cm4"; Value = "할?n tr? d烱 1206"; VariantName = "[No Variations]"
Change component parameters (AddParameter): Name = "Value"; Value = "0R"; VariantName = "[No Variations]"
Added Component: Designator=L01(Inductor 12x12x6)
Add component. Clean all parameters for all variants
Add component (AddParameter): Name = "Value"; Value = "22uH"; VariantName = "[No Variations]"
Added Pin To Net: NetName=PH Pin=L01-1
Added Pin To Net: NetName=+5V Pin=L01-2
Added Member To Class: ClassName=PAPI_M2_Control Member=Component C41 T? di?n d烱 0805104
Added Member To Class: ClassName=PAPI_M2_Control Member=Component L01 Inductor
